2025-05-19 10:45:00,085 - INFO - Syncing started with account id: 841473654502812
2025-05-19 10:45:30,444 - INFO - video_ids deleted from s3: 1848193485723398,1195425648470137,1357921192143008,542191614989000,432425929187652,631051146410743,1586830208673761,1353449845974524,1904942646908134,1014801950038083,1891849291566340,1035519581778537,1755910958604366,1227057862360340,1367814127863323,929617449186134,631101716569834,1241424810655582,1795763780986452,737580295262620,684580310871290,1250021700012843,1139094964925391,1228341418852328,694831712954484,8992999600801113,632406846625615,683093127650973,1374108417132344
2025-05-19 10:45:30,454 - INFO - image_hashes deleted from s3: 93ba360edc214b74cfe65c786bd49a18,0cd0c6f11e1860050c665a3e65368c2d,944d58c9f8908af11d6df2228f86ffab,288d7077715109991ef4e787086ae4a6,1b4daef77e729ad84ce34221a22096b9,9cc6b227dbd4c89e013cffacf670552c,88c290665eccf2eaeddb839cab71f8ea,a08eb06f59eb8e91c7bccd5bbe9be76e,133282a6c8de81d866d826fe9060a8b0,3b9652b21d1497fe0db4701342a1bf05,73f21b860f6fe5124be4b489ec43c487,5267beb8de18f7d4381d5abd4852825f,399c0aa17592f3b5ed48e137b0fc0522,399c0aa17592f3b5ed48e137b0fc0522,93ba360edc214b74cfe65c786bd49a18,e4574375a8455346ef779f1b0df8449b,f8224f10630936ae585500afce8d53c9,f8224f10630936ae585500afce8d53c9,d6fb7e8945cb344670e4dc3aa7b3497a,5267beb8de18f7d4381d5abd4852825f,5267beb8de18f7d4381d5abd4852825f,f65ded01b1eac45f0f139f195ced60c1,f65ded01b1eac45f0f139f195ced60c1,f65ded01b1eac45f0f139f195ced60c1,8ef550697f0cfce8994cc6eba9af67fe,8ef550697f0cfce8994cc6eba9af67fe,8ef550697f0cfce8994cc6eba9af67fe,55fa9912a5eedbe43fe477485f8498c5,55fa9912a5eedbe43fe477485f8498c5,55fa9912a5eedbe43fe477485f8498c5,700453eca87decf44c16c4b92c936310,5b5283dc8029024db7dd844ed5b1396d,5b5283dc8029024db7dd844ed5b1396d,5b5283dc8029024db7dd844ed5b1396d,5b5283dc8029024db7dd844ed5b1396d,1fd8c73db0a410140a82e166850aa724,1fd8c73db0a410140a82e166850aa724,1fd8c73db0a410140a82e166850aa724,1fd8c73db0a410140a82e166850aa724,b2b65000fe7a061188c8a2caa40f0075,b2b65000fe7a061188c8a2caa40f0075,b2b65000fe7a061188c8a2caa40f0075,0cd0c6f11e1860050c665a3e65368c2d,0cd0c6f11e1860050c665a3e65368c2d,bce8d8bc76afdaf13524cb2505e9f6b1,93ba360edc214b74cfe65c786bd49a18,8ef550697f0cfce8994cc6eba9af67fe,93ba360edc214b74cfe65c786bd49a18,55fa9912a5eedbe43fe477485f8498c5,5b5283dc8029024db7dd844ed5b1396d,8cf49ef3e8f09fa70615298e4ed92513,8cf49ef3e8f09fa70615298e4ed92513,8cf49ef3e8f09fa70615298e4ed92513,42fc6f90e95161d3cdad7db241e7b731,42fc6f90e95161d3cdad7db241e7b731,e14c8e9b9d0fd90eea3e41638c6fc9a6,700453eca87decf44c16c4b92c936310,8cf49ef3e8f09fa70615298e4ed92513
2025-05-19 10:45:30,505 - INFO - ==>> Video row deleted from the database: 1891849291566340,1848193485723398,1227057862360340,1367814127863323,737580295262620,683093127650973,1357921192143008,1250021700012843,1374108417132344,1014801950038083,432425929187652,542191614989000,1755910958604366,1139094964925391,632406846625615,1795763780986452,929617449186134,8992999600801113,1241424810655582,1586830208673761,1904942646908134,1228341418852328,1035519581778537,631101716569834,694831712954484,631051146410743,1195425648470137,684580310871290,1353449845974524
2025-05-19 10:45:30,511 - INFO - Data Deleted, which was already in the database.
 Campaign Id 120211851027010625,120217631279630625,120211959457330625,120211959457350625,120211936228110625,120221029491910625,120212375844410625,120211959457360625,120211959457340625,120211881353640625,120211851027000625,120211851026980625
2025-05-19 10:45:30,514 - INFO - Sync completed for account id: 841473654502812
2025-05-19 10:53:45,429 - INFO - Syncing started with account id: 841473654502812
2025-05-19 10:54:10,382 - INFO - video_ids deleted from s3: 733098388897363,1078948490638387,2040494123135873,1979266619273069,1862236321227394,1379510933473281,9533449133415249,1186320315927737,1182875766816012,1788655568360319,1091497402998083,1199153778888621,1212418313858311,1022346476661691
2025-05-19 10:54:10,413 - INFO - ==>> Video row deleted from the database: 2040494123135873,1862236321227394,1379510933473281,1091497402998083,1212418313858311,1182875766816012,1979266619273069,1199153778888621,9533449133415249,1078948490638387,733098388897363,1186320315927737,1022346476661691,1788655568360319
2025-05-19 10:54:10,422 - INFO - Data Deleted, which was already in the database.
 Campaign Id 120211959457310625,120219749169710625,120211851026990625,120211959457300625,120214448310080625,120211959457320625,120212129058560625
2025-05-19 10:54:10,429 - INFO - Sync completed for account id: 841473654502812
2025-05-19 11:00:10,749 - INFO - Syncing started with account id: 841473654502812
2025-05-19 11:00:51,378 - INFO - Collected 23 unique campaigns, 57 unique adsets, 49 unique image assets (hashes) with initial data, 49 total unique image hashes, and 70 unique video assets (IDs).
2025-05-19 11:36:46,583 - INFO - Ads and Carousel Cards processed and committed.
2025-05-19 11:36:46,584 - INFO - Updating availability for 5 carousel ads...
2025-05-19 11:36:46,588 - INFO - Carousel ad availability updated and committed.
2025-05-19 11:36:46,589 - INFO - Updated cron run status.
2025-05-19 11:36:46,800 - INFO - Successfully inserted/updated 208 rows for breakdown 'account'.
2025-05-19 11:36:46,801 - INFO - Sync completed for account id: 841473654502812
2025-05-19 17:17:42,851 - INFO - Syncing started with account id: 841473654502812
2025-05-19 17:18:00,328 - INFO - Syncing started with account id: 841473654502812
2025-05-19 17:18:49,781 - INFO - Collected 23 unique campaigns, 59 unique adsets, 51 unique image assets (hashes) with initial data, 51 total unique image hashes, and 75 unique video assets (IDs).
2025-05-19 17:24:59,998 - INFO - Ads and Carousel Cards processed and committed.
2025-05-19 17:24:59,999 - INFO - Updating availability for 5 carousel ads...
2025-05-19 17:25:00,017 - INFO - Carousel ad availability updated and committed.
2025-05-19 17:25:00,018 - INFO - Updated cron run status.
2025-05-19 17:25:00,654 - INFO - Successfully inserted/updated 227 rows for breakdown 'account'.
2025-05-19 17:25:00,655 - INFO - Sync completed for account id: 841473654502812
2025-05-19 17:25:00,656 - INFO - Syncing started with account id: 841473654502812
2025-05-19 17:25:34,341 - INFO - Successfully inserted/updated 214 rows for breakdown 'account'.
2025-05-19 17:25:34,342 - INFO - Sync completed for account id: 841473654502812
2025-05-19 17:25:34,343 - INFO - Syncing started with account id: 841473654502812
2025-05-19 17:26:01,761 - INFO - Successfully inserted/updated 150 rows for breakdown 'account'.
2025-05-19 17:26:01,762 - INFO - Sync completed for account id: 841473654502812
